[2025-03-10 10:35:50] ERROR: User not found:
[2025-03-10 11:03:56] ERROR: User not found:
[2025-03-10 11:04:13] ERROR: User not found:
[2025-03-10 11:09:15] ERROR: ForbiddenError: invalid csrf token
    at csrf (C:\Users\Gregory\Desktop\project\Ai-Powered-Job-Application-Tracker\server\node_modules\csurf\index.js:112:19)
    at C:\Users\Gregory\Desktop\project\Ai-Powered-Job-Application-Tracker\server\src\server\server.js:23:5
    at Layer.handle [as handle_request] (C:\Users\Gregory\Desktop\project\Ai-Powered-Job-Application-Tracker\server\node_modules\express\lib\router\layer.js:95:5)
    at trim_prefix (C:\Users\Gregory\Desktop\project\Ai-Powered-Job-Application-Tracker\server\node_modules\express\lib\router\index.js:328:13)
    at C:\Users\Gregory\Desktop\project\Ai-Powered-Job-Application-Tracker\server\node_modules\express\lib\router\index.js:286:9
    at Function.process_params (C:\Users\Gregory\Desktop\project\Ai-Powered-Job-Application-Tracker\server\node_modules\express\lib\router\index.js:346:12)
    at next (C:\Users\Gregory\Desktop\project\Ai-Powered-Job-Application-Tracker\server\node_modules\express\lib\router\index.js:280:10)
    at cookieParser (C:\Users\Gregory\Desktop\project\Ai-Powered-Job-Application-Tracker\server\node_modules\cookie-parser\index.js:71:5)
    at Layer.handle [as handle_request] (C:\Users\Gregory\Desktop\project\Ai-Powered-Job-Application-Tracker\server\node_modules\express\lib\router\layer.js:95:5)
    at trim_prefix (C:\Users\Gregory\Desktop\project\Ai-Powered-Job-Application-Tracker\server\node_modules\express\lib\router\index.js:328:13)
[2025-03-10 11:09:27] ERROR: ForbiddenError: invalid csrf token
    at csrf (C:\Users\Gregory\Desktop\project\Ai-Powered-Job-Application-Tracker\server\node_modules\csurf\index.js:112:19)
    at C:\Users\Gregory\Desktop\project\Ai-Powered-Job-Application-Tracker\server\src\server\server.js:23:5
    at Layer.handle [as handle_request] (C:\Users\Gregory\Desktop\project\Ai-Powered-Job-Application-Tracker\server\node_modules\express\lib\router\layer.js:95:5)
    at trim_prefix (C:\Users\Gregory\Desktop\project\Ai-Powered-Job-Application-Tracker\server\node_modules\express\lib\router\index.js:328:13)
    at C:\Users\Gregory\Desktop\project\Ai-Powered-Job-Application-Tracker\server\node_modules\express\lib\router\index.js:286:9
    at Function.process_params (C:\Users\Gregory\Desktop\project\Ai-Powered-Job-Application-Tracker\server\node_modules\express\lib\router\index.js:346:12)
    at next (C:\Users\Gregory\Desktop\project\Ai-Powered-Job-Application-Tracker\server\node_modules\express\lib\router\index.js:280:10)
    at cookieParser (C:\Users\Gregory\Desktop\project\Ai-Powered-Job-Application-Tracker\server\node_modules\cookie-parser\index.js:71:5)
    at Layer.handle [as handle_request] (C:\Users\Gregory\Desktop\project\Ai-Powered-Job-Application-Tracker\server\node_modules\express\lib\router\layer.js:95:5)
    at trim_prefix (C:\Users\Gregory\Desktop\project\Ai-Powered-Job-Application-Tracker\server\node_modules\express\lib\router\index.js:328:13)
[2025-03-10 11:10:52] ERROR: ForbiddenError: invalid csrf token
    at csrf (C:\Users\Gregory\Desktop\project\Ai-Powered-Job-Application-Tracker\server\node_modules\csurf\index.js:112:19)
    at C:\Users\Gregory\Desktop\project\Ai-Powered-Job-Application-Tracker\server\src\server\server.js:23:5
    at Layer.handle [as handle_request] (C:\Users\Gregory\Desktop\project\Ai-Powered-Job-Application-Tracker\server\node_modules\express\lib\router\layer.js:95:5)
    at trim_prefix (C:\Users\Gregory\Desktop\project\Ai-Powered-Job-Application-Tracker\server\node_modules\express\lib\router\index.js:328:13)
    at C:\Users\Gregory\Desktop\project\Ai-Powered-Job-Application-Tracker\server\node_modules\express\lib\router\index.js:286:9
    at Function.process_params (C:\Users\Gregory\Desktop\project\Ai-Powered-Job-Application-Tracker\server\node_modules\express\lib\router\index.js:346:12)
    at next (C:\Users\Gregory\Desktop\project\Ai-Powered-Job-Application-Tracker\server\node_modules\express\lib\router\index.js:280:10)
    at cookieParser (C:\Users\Gregory\Desktop\project\Ai-Powered-Job-Application-Tracker\server\node_modules\cookie-parser\index.js:71:5)
    at Layer.handle [as handle_request] (C:\Users\Gregory\Desktop\project\Ai-Powered-Job-Application-Tracker\server\node_modules\express\lib\router\layer.js:95:5)
    at trim_prefix (C:\Users\Gregory\Desktop\project\Ai-Powered-Job-Application-Tracker\server\node_modules\express\lib\router\index.js:328:13)
[2025-03-10 11:14:22] ERROR: ForbiddenError: invalid csrf token
    at csrf (C:\Users\Gregory\Desktop\project\Ai-Powered-Job-Application-Tracker\server\node_modules\csurf\index.js:112:19)
    at C:\Users\Gregory\Desktop\project\Ai-Powered-Job-Application-Tracker\server\src\server\server.js:23:5
    at Layer.handle [as handle_request] (C:\Users\Gregory\Desktop\project\Ai-Powered-Job-Application-Tracker\server\node_modules\express\lib\router\layer.js:95:5)
    at trim_prefix (C:\Users\Gregory\Desktop\project\Ai-Powered-Job-Application-Tracker\server\node_modules\express\lib\router\index.js:328:13)
    at C:\Users\Gregory\Desktop\project\Ai-Powered-Job-Application-Tracker\server\node_modules\express\lib\router\index.js:286:9
    at Function.process_params (C:\Users\Gregory\Desktop\project\Ai-Powered-Job-Application-Tracker\server\node_modules\express\lib\router\index.js:346:12)
    at next (C:\Users\Gregory\Desktop\project\Ai-Powered-Job-Application-Tracker\server\node_modules\express\lib\router\index.js:280:10)
    at cookieParser (C:\Users\Gregory\Desktop\project\Ai-Powered-Job-Application-Tracker\server\node_modules\cookie-parser\index.js:71:5)
    at Layer.handle [as handle_request] (C:\Users\Gregory\Desktop\project\Ai-Powered-Job-Application-Tracker\server\node_modules\express\lib\router\layer.js:95:5)
    at trim_prefix (C:\Users\Gregory\Desktop\project\Ai-Powered-Job-Application-Tracker\server\node_modules\express\lib\router\index.js:328:13)
[2025-03-10 11:14:24] ERROR: ForbiddenError: invalid csrf token
    at csrf (C:\Users\Gregory\Desktop\project\Ai-Powered-Job-Application-Tracker\server\node_modules\csurf\index.js:112:19)
    at C:\Users\Gregory\Desktop\project\Ai-Powered-Job-Application-Tracker\server\src\server\server.js:23:5
    at Layer.handle [as handle_request] (C:\Users\Gregory\Desktop\project\Ai-Powered-Job-Application-Tracker\server\node_modules\express\lib\router\layer.js:95:5)
    at trim_prefix (C:\Users\Gregory\Desktop\project\Ai-Powered-Job-Application-Tracker\server\node_modules\express\lib\router\index.js:328:13)
    at C:\Users\Gregory\Desktop\project\Ai-Powered-Job-Application-Tracker\server\node_modules\express\lib\router\index.js:286:9
    at Function.process_params (C:\Users\Gregory\Desktop\project\Ai-Powered-Job-Application-Tracker\server\node_modules\express\lib\router\index.js:346:12)
    at next (C:\Users\Gregory\Desktop\project\Ai-Powered-Job-Application-Tracker\server\node_modules\express\lib\router\index.js:280:10)
    at cookieParser (C:\Users\Gregory\Desktop\project\Ai-Powered-Job-Application-Tracker\server\node_modules\cookie-parser\index.js:71:5)
    at Layer.handle [as handle_request] (C:\Users\Gregory\Desktop\project\Ai-Powered-Job-Application-Tracker\server\node_modules\express\lib\router\layer.js:95:5)
    at trim_prefix (C:\Users\Gregory\Desktop\project\Ai-Powered-Job-Application-Tracker\server\node_modules\express\lib\router\index.js:328:13)
[2025-03-10 11:14:25] ERROR: ForbiddenError: invalid csrf token
    at csrf (C:\Users\Gregory\Desktop\project\Ai-Powered-Job-Application-Tracker\server\node_modules\csurf\index.js:112:19)
    at C:\Users\Gregory\Desktop\project\Ai-Powered-Job-Application-Tracker\server\src\server\server.js:23:5
    at Layer.handle [as handle_request] (C:\Users\Gregory\Desktop\project\Ai-Powered-Job-Application-Tracker\server\node_modules\express\lib\router\layer.js:95:5)
    at trim_prefix (C:\Users\Gregory\Desktop\project\Ai-Powered-Job-Application-Tracker\server\node_modules\express\lib\router\index.js:328:13)
    at C:\Users\Gregory\Desktop\project\Ai-Powered-Job-Application-Tracker\server\node_modules\express\lib\router\index.js:286:9
    at Function.process_params (C:\Users\Gregory\Desktop\project\Ai-Powered-Job-Application-Tracker\server\node_modules\express\lib\router\index.js:346:12)
    at next (C:\Users\Gregory\Desktop\project\Ai-Powered-Job-Application-Tracker\server\node_modules\express\lib\router\index.js:280:10)
    at cookieParser (C:\Users\Gregory\Desktop\project\Ai-Powered-Job-Application-Tracker\server\node_modules\cookie-parser\index.js:71:5)
    at Layer.handle [as handle_request] (C:\Users\Gregory\Desktop\project\Ai-Powered-Job-Application-Tracker\server\node_modules\express\lib\router\layer.js:95:5)
    at trim_prefix (C:\Users\Gregory\Desktop\project\Ai-Powered-Job-Application-Tracker\server\node_modules\express\lib\router\index.js:328:13)
[2025-03-10 11:14:38] ERROR: User not found:
[2025-03-10 11:17:36] ERROR: ForbiddenError: invalid csrf token
    at csrf (C:\Users\Gregory\Desktop\project\Ai-Powered-Job-Application-Tracker\server\node_modules\csurf\index.js:112:19)
    at C:\Users\Gregory\Desktop\project\Ai-Powered-Job-Application-Tracker\server\src\server\server.js:23:5
    at Layer.handle [as handle_request] (C:\Users\Gregory\Desktop\project\Ai-Powered-Job-Application-Tracker\server\node_modules\express\lib\router\layer.js:95:5)
    at trim_prefix (C:\Users\Gregory\Desktop\project\Ai-Powered-Job-Application-Tracker\server\node_modules\express\lib\router\index.js:328:13)
    at C:\Users\Gregory\Desktop\project\Ai-Powered-Job-Application-Tracker\server\node_modules\express\lib\router\index.js:286:9
    at Function.process_params (C:\Users\Gregory\Desktop\project\Ai-Powered-Job-Application-Tracker\server\node_modules\express\lib\router\index.js:346:12)
    at next (C:\Users\Gregory\Desktop\project\Ai-Powered-Job-Application-Tracker\server\node_modules\express\lib\router\index.js:280:10)
    at cookieParser (C:\Users\Gregory\Desktop\project\Ai-Powered-Job-Application-Tracker\server\node_modules\cookie-parser\index.js:71:5)
    at Layer.handle [as handle_request] (C:\Users\Gregory\Desktop\project\Ai-Powered-Job-Application-Tracker\server\node_modules\express\lib\router\layer.js:95:5)
    at trim_prefix (C:\Users\Gregory\Desktop\project\Ai-Powered-Job-Application-Tracker\server\node_modules\express\lib\router\index.js:328:13)
[2025-03-10 11:27:35] ERROR: Error registering user: this.getUserModel is not a constructor
[2025-03-10 11:44:13] ERROR: Error registering user: this.getUserModel.findOne is not a function
[2025-03-10 11:45:55] ERROR: Error registering user: this.getUserModel.findOne is not a function
[2025-03-10 11:52:53] ERROR: Error registering user: User is not a constructor
[2025-03-10 11:58:52] ERROR: Error registering user: User is not a constructor
[2025-03-10 12:32:04] ERROR: Error registering user: User is not a constructor
[2025-03-10 12:38:23] ERROR: Error registering user: this.getUserModel is not a function
[2025-03-10 12:46:08] ERROR: Error registering user: this.getUserModel is not a function
[2025-03-10 12:46:58] ERROR: Error registering user: this.getUserModel is not a function
[2025-03-10 12:47:53] ERROR: Error registering user: this.getUserModel is not a function
[2025-03-10 12:50:00] ERROR: Unexpected error authenticating user: this.getUserModel.findOne is not a function
[2025-03-10 12:57:56] ERROR: Unexpected error authenticating user: this.getUserModel.findOne is not a function
[2025-03-10 13:54:13] ERROR: Invalid password for user:
[2025-03-10 13:54:40] ERROR: Invalid password for user:
[2025-03-10 14:06:29] ERROR: Invalid password for user:
[2025-03-10 14:15:52] ERROR: Invalid password for user:
[2025-03-10 14:51:52] ERROR: Invalid password for user:
[2025-03-10 15:05:02] ERROR: User not found:
[2025-03-10 15:05:12] ERROR: User not found:
[2025-03-10 15:05:28] ERROR: User not found:
[2025-03-10 15:24:51] ERROR: Invalid password for user:
[2025-03-18 22:23:52] ERROR: Invalid password for user:
[2025-03-18 23:40:47] ERROR: Invalid password for user:
[2025-03-19 13:21:41] ERROR: Invalid password for user:
[2025-03-19 14:39:25] ERROR: Invalid password for user:
